<?xml version="1.0" encoding="UTF-8"?>
<!-- Generated by org.testng.reporters.JUnitReportReporter -->
<testsuite hostname="INBOOK_X1_SLIM" failures="0" tests="1" name="testScripts.Script1" time="16.148" errors="0" timestamp="2023-02-19T23:19:39 IST" skipped="0">
  <testcase classname="testScripts.Script1" name="firstTest" time="16.148"/>
  <system-out/>
</testsuite> <!-- testScripts.Script1 -->
