<?xml version="1.0" encoding="UTF-8"?>
<!-- Generated by org.testng.reporters.JUnitReportReporter -->
<testsuite hostname="INBOOK_X1_SLIM" failures="0" tests="1" name="testScripts.Script1" time="31.197" errors="0" timestamp="2023-06-18T16:52:04 IST" skipped="0">
  <testcase classname="testScripts.Script1" name="firstTest" time="31.197"/>
  <system-out/>
</testsuite> <!-- testScripts.Script1 -->
