<?xml version="1.0" encoding="UTF-8"?>
<!-- Generated by org.testng.reporters.JUnitReportReporter -->
<testsuite hostname="INBOOK_X1_SLIM" failures="0" tests="1" name="testScripts.Script2" time="15.579" errors="0" timestamp="2023-06-18T15:36:58 IST" skipped="0">
  <testcase classname="testScripts.Script2" name="secondTest" time="15.579"/>
  <system-out/>
</testsuite> <!-- testScripts.Script2 -->
