<?xml version="1.0" encoding="UTF-8"?>
<!-- Generated by org.testng.reporters.JUnitReportReporter -->
<testsuite hostname="INBOOK_X1_SLIM" failures="0" tests="1" name="testScripts.Script1" time="18.367" errors="0" timestamp="2023-04-10T16:28:10 IST" skipped="0">
  <testcase classname="testScripts.Script1" name="firstTest" time="18.367"/>
  <system-out/>
</testsuite> <!-- testScripts.Script1 -->
